# Logfile created on 2014-05-18 12:42:41 -0400 by logger.rb/41954
I, [2014-05-18T12:42:41.393512 #57136]  INFO -- : 0:  i18n (0.6.9) from /Users/matt/.rvm/gems/ruby-2.0.0-p353/specifications/i18n-0.6.9.gemspec
I, [2014-05-18T12:42:41.393910 #57136]  INFO -- : 0:  multi_json (1.10.0) from /Users/matt/.rvm/gems/ruby-2.0.0-p353/specifications/multi_json-1.10.0.gemspec
I, [2014-05-18T12:42:42.664238 #57136]  INFO -- : 0:  activesupport (3.2.18) from /Users/matt/.rvm/gems/ruby-2.0.0-p353/specifications/activesupport-3.2.18.gemspec
I, [2014-05-18T12:42:42.664574 #57136]  INFO -- : 0:  claide (0.5.0) from /Users/matt/.rvm/gems/ruby-2.0.0-p353/specifications/claide-0.5.0.gemspec
I, [2014-05-18T12:42:42.664783 #57136]  INFO -- : 0:  fuzzy_match (2.0.4) from /Users/matt/.rvm/gems/ruby-2.0.0-p353/specifications/fuzzy_match-2.0.4.gemspec
I, [2014-05-18T12:42:42.664991 #57136]  INFO -- : 0:  json_pure (1.8.1) from /Users/matt/.rvm/gems/ruby-2.0.0-p353/specifications/json_pure-1.8.1.gemspec
I, [2014-05-18T12:42:43.230099 #57136]  INFO -- : 0:  nap (0.7.0) from /Users/matt/.rvm/gems/ruby-2.0.0-p353/specifications/nap-0.7.0.gemspec
I, [2014-05-18T12:42:43.230710 #57136]  INFO -- : 0:  cocoapods-core (0.30.0) from /Users/matt/.rvm/gems/ruby-2.0.0-p353/specifications/cocoapods-core-0.30.0.gemspec
I, [2014-05-18T12:42:44.120520 #57136]  INFO -- : 0:  cocoapods-downloader (0.4.1) from /Users/matt/.rvm/gems/ruby-2.0.0-p353/specifications/cocoapods-downloader-0.4.1.gemspec
I, [2014-05-18T12:42:44.120984 #57136]  INFO -- : 0:  cocoapods-try (0.2.0) from /Users/matt/.rvm/gems/ruby-2.0.0-p353/specifications/cocoapods-try-0.2.0.gemspec
I, [2014-05-18T12:42:44.121409 #57136]  INFO -- : 0:  colored (1.2) from /Users/matt/.rvm/gems/ruby-2.0.0-p353/specifications/colored-1.2.gemspec
I, [2014-05-18T12:42:44.121695 #57136]  INFO -- : 0:  escape (0.0.4) from /Users/matt/.rvm/gems/ruby-2.0.0-p353/specifications/escape-0.0.4.gemspec
I, [2014-05-18T12:42:44.442797 #57136]  INFO -- : 0:  open4 (1.3.4) from /Users/matt/.rvm/gems/ruby-2.0.0-p353/specifications/open4-1.3.4.gemspec
I, [2014-05-18T12:42:44.443084 #57136]  INFO -- : 0:  xcodeproj (0.15.3) from /Users/matt/.rvm/gems/ruby-2.0.0-p353/specifications/xcodeproj-0.15.3.gemspec
I, [2014-05-18T12:42:44.443301 #57136]  INFO -- : 0:  cocoapods (0.30.0) from /Users/matt/.rvm/gems/ruby-2.0.0-p353/specifications/cocoapods-0.30.0.gemspec
I, [2014-05-18T12:42:44.443498 #57136]  INFO -- : 0:  bundler (1.5.1) from /Users/matt/.rvm/gems/ruby-2.0.0-p353@global/specifications/bundler-1.5.1.gemspec
I, [2014-05-18T12:46:20.831518 #57218]  INFO -- : 0:  i18n (0.6.9) from /Users/matt/.rvm/gems/ruby-2.0.0-p353/specifications/i18n-0.6.9.gemspec
I, [2014-05-18T12:46:20.831829 #57218]  INFO -- : 0:  multi_json (1.10.0) from /Users/matt/.rvm/gems/ruby-2.0.0-p353/specifications/multi_json-1.10.0.gemspec
I, [2014-05-18T12:46:20.832074 #57218]  INFO -- : 0:  activesupport (3.2.18) from /Users/matt/.rvm/gems/ruby-2.0.0-p353/specifications/activesupport-3.2.18.gemspec
I, [2014-05-18T12:46:20.832308 #57218]  INFO -- : 0:  claide (0.5.0) from /Users/matt/.rvm/gems/ruby-2.0.0-p353/specifications/claide-0.5.0.gemspec
I, [2014-05-18T12:46:20.832510 #57218]  INFO -- : 0:  fuzzy_match (2.0.4) from /Users/matt/.rvm/gems/ruby-2.0.0-p353/specifications/fuzzy_match-2.0.4.gemspec
I, [2014-05-18T12:46:20.832706 #57218]  INFO -- : 0:  json_pure (1.8.1) from /Users/matt/.rvm/gems/ruby-2.0.0-p353/specifications/json_pure-1.8.1.gemspec
I, [2014-05-18T12:46:20.832903 #57218]  INFO -- : 0:  nap (0.7.0) from /Users/matt/.rvm/gems/ruby-2.0.0-p353/specifications/nap-0.7.0.gemspec
I, [2014-05-18T12:46:21.489770 #57218]  INFO -- : 0:  cocoapods-core (0.32.1) from /Users/matt/.rvm/gems/ruby-2.0.0-p353/specifications/cocoapods-core-0.32.1.gemspec
I, [2014-05-18T12:46:21.819869 #57218]  INFO -- : 0:  cocoapods-downloader (0.5.0) from /Users/matt/.rvm/gems/ruby-2.0.0-p353/specifications/cocoapods-downloader-0.5.0.gemspec
I, [2014-05-18T12:46:21.820165 #57218]  INFO -- : 0:  cocoapods-try (0.2.0) from /Users/matt/.rvm/gems/ruby-2.0.0-p353/specifications/cocoapods-try-0.2.0.gemspec
I, [2014-05-18T12:46:21.820397 #57218]  INFO -- : 0:  colored (1.2) from /Users/matt/.rvm/gems/ruby-2.0.0-p353/specifications/colored-1.2.gemspec
I, [2014-05-18T12:46:21.820608 #57218]  INFO -- : 0:  escape (0.0.4) from /Users/matt/.rvm/gems/ruby-2.0.0-p353/specifications/escape-0.0.4.gemspec
I, [2014-05-18T12:46:21.820838 #57218]  INFO -- : 0:  open4 (1.3.4) from /Users/matt/.rvm/gems/ruby-2.0.0-p353/specifications/open4-1.3.4.gemspec
I, [2014-05-18T12:46:23.041060 #57218]  INFO -- : 0:  xcodeproj (0.16.1) from /Users/matt/.rvm/gems/ruby-2.0.0-p353/specifications/xcodeproj-0.16.1.gemspec
I, [2014-05-18T12:46:23.515806 #57218]  INFO -- : 0:  cocoapods (0.32.1) from /Users/matt/.rvm/gems/ruby-2.0.0-p353/specifications/cocoapods-0.32.1.gemspec
I, [2014-05-18T12:46:23.516130 #57218]  INFO -- : 0:  bundler (1.5.1) from /Users/matt/.rvm/gems/ruby-2.0.0-p353@global/specifications/bundler-1.5.1.gemspec
